{"/home/vinicius_ribeiro/auth_fiapX_11soat/src/application/services/auth.service.ts": {"path":"/home/vinicius_ribeiro/auth_fiapX_11soat/src/application/services/auth.service.ts","statementMap":{"0":{"start":{"line":1,"column":0},"end":{"line":1,"column":44}},"1":{"start":{"line":6,"column":0},"end":{"line":6,"column":99}},"2":{"start":{"line":7,"column":0},"end":{"line":7,"column":96}},"3":{"start":{"line":8,"column":0},"end":{"line":8,"column":89}},"4":{"start":{"line":9,"column":0},"end":{"line":9,"column":81}},"5":{"start":{"line":39,"column":7},"end":{"line":186,"column":null}},"6":{"start":{"line":41,"column":21},"end":{"line":41,"column":56}},"7":{"start":{"line":42,"column":21},"end":{"line":42,"column":46}},"8":{"start":{"line":43,"column":21},"end":{"line":43,"column":48}},"9":{"start":{"line":44,"column":21},"end":{"line":44,"column":46}},"10":{"start":{"line":45,"column":21},"end":{"line":45,"column":29}},"11":{"start":{"line":47,"column":4},"end":{"line":47,"column":42}},"12":{"start":{"line":51,"column":32},"end":{"line":51,"column":37}},"13":{"start":{"line":53,"column":27},"end":{"line":53,"column":79}},"14":{"start":{"line":55,"column":4},"end":{"line":57,"column":5}},"15":{"start":{"line":56,"column":6},"end":{"line":56,"column":52}},"16":{"start":{"line":59,"column":4},"end":{"line":82,"column":5}},"17":{"start":{"line":60,"column":29},"end":{"line":60,"column":66}},"18":{"start":{"line":61,"column":32},"end":{"line":63,"column":null}},"19":{"start":{"line":66,"column":40},"end":{"line":70,"column":8}},"20":{"start":{"line":72,"column":6},"end":{"line":72,"column":82}},"21":{"start":{"line":73,"column":6},"end":{"line":73,"column":90}},"22":{"start":{"line":75,"column":6},"end":{"line":81,"column":8}},"23":{"start":{"line":84,"column":27},"end":{"line":84,"column":64}},"24":{"start":{"line":85,"column":19},"end":{"line":85,"column":76}},"25":{"start":{"line":87,"column":38},"end":{"line":91,"column":6}},"26":{"start":{"line":93,"column":4},"end":{"line":93,"column":61}},"27":{"start":{"line":94,"column":4},"end":{"line":94,"column":83}},"28":{"start":{"line":96,"column":4},"end":{"line":102,"column":6}},"29":{"start":{"line":106,"column":32},"end":{"line":106,"column":37}},"30":{"start":{"line":108,"column":19},"end":{"line":108,"column":65}},"31":{"start":{"line":109,"column":4},"end":{"line":112,"column":5}},"32":{"start":{"line":110,"column":6},"end":{"line":110,"column":56}},"33":{"start":{"line":111,"column":6},"end":{"line":111,"column":42}},"34":{"start":{"line":114,"column":28},"end":{"line":114,"column":85}},"35":{"start":{"line":115,"column":4},"end":{"line":118,"column":5}},"36":{"start":{"line":116,"column":6},"end":{"line":116,"column":67}},"37":{"start":{"line":117,"column":6},"end":{"line":117,"column":46}},"38":{"start":{"line":120,"column":38},"end":{"line":124,"column":6}},"39":{"start":{"line":126,"column":4},"end":{"line":126,"column":66}},"40":{"start":{"line":127,"column":4},"end":{"line":127,"column":78}},"41":{"start":{"line":129,"column":4},"end":{"line":135,"column":6}},"42":{"start":{"line":139,"column":4},"end":{"line":167,"column":5}},"43":{"start":{"line":140,"column":22},"end":{"line":140,"column":64}},"44":{"start":{"line":142,"column":21},"end":{"line":142,"column":75}},"45":{"start":{"line":143,"column":6},"end":{"line":146,"column":7}},"46":{"start":{"line":144,"column":8},"end":{"line":144,"column":93}},"47":{"start":{"line":145,"column":8},"end":{"line":145,"column":65}},"48":{"start":{"line":148,"column":6},"end":{"line":148,"column":84}},"49":{"start":{"line":150,"column":6},"end":{"line":156,"column":8}},"50":{"start":{"line":158,"column":22},"end":{"line":158,"column":58}},"51":{"start":{"line":159,"column":20},"end":{"line":159,"column":47}},"52":{"start":{"line":161,"column":6},"end":{"line":161,"column":65}},"53":{"start":{"line":163,"column":6},"end":{"line":166,"column":8}},"54":{"start":{"line":171,"column":19},"end":{"line":171,"column":65}},"55":{"start":{"line":173,"column":4},"end":{"line":175,"column":5}},"56":{"start":{"line":174,"column":6},"end":{"line":174,"column":66}},"57":{"start":{"line":177,"column":4},"end":{"line":177,"column":53}},"58":{"start":{"line":178,"column":4},"end":{"line":178,"column":71}},"59":{"start":{"line":179,"column":4},"end":{"line":179,"column":70}},"60":{"start":{"line":181,"column":4},"end":{"line":184,"column":6}},"61":{"start":{"line":39,"column":13},"end":{"line":39,"column":24}},"62":{"start":{"line":39,"column":13},"end":{"line":186,"column":null}}},"fnMap":{"0":{"name":"(anonymous_2)","decl":{"start":{"line":40,"column":2},"end":{"line":40,"column":null}},"loc":{"start":{"line":45,"column":46},"end":{"line":48,"column":3}}},"1":{"name":"(anonymous_3)","decl":{"start":{"line":50,"column":2},"end":{"line":50,"column":7}},"loc":{"start":{"line":50,"column":37},"end":{"line":103,"column":3}}},"2":{"name":"(anonymous_4)","decl":{"start":{"line":105,"column":2},"end":{"line":105,"column":7}},"loc":{"start":{"line":105,"column":31},"end":{"line":136,"column":3}}},"3":{"name":"(anonymous_5)","decl":{"start":{"line":138,"column":2},"end":{"line":138,"column":7}},"loc":{"start":{"line":138,"column":35},"end":{"line":168,"column":3}}},"4":{"name":"(anonymous_6)","decl":{"start":{"line":170,"column":2},"end":{"line":170,"column":7}},"loc":{"start":{"line":170,"column":38},"end":{"line":185,"column":3}}}},"branchMap":{"0":{"loc":{"start":{"line":55,"column":4},"end":{"line":57,"column":5}},"type":"if","locations":[{"start":{"line":55,"column":4},"end":{"line":57,"column":5}},{"start":{},"end":{}}]},"1":{"loc":{"start":{"line":55,"column":8},"end":{"line":55,"column":53}},"type":"binary-expr","locations":[{"start":{"line":55,"column":8},"end":{"line":55,"column":22}},{"start":{"line":55,"column":26},"end":{"line":55,"column":53}}]},"2":{"loc":{"start":{"line":59,"column":4},"end":{"line":82,"column":5}},"type":"if","locations":[{"start":{"line":59,"column":4},"end":{"line":82,"column":5}},{"start":{},"end":{}}]},"3":{"loc":{"start":{"line":59,"column":8},"end":{"line":59,"column":52}},"type":"binary-expr","locations":[{"start":{"line":59,"column":8},"end":{"line":59,"column":22}},{"start":{"line":59,"column":26},"end":{"line":59,"column":52}}]},"4":{"loc":{"start":{"line":109,"column":4},"end":{"line":112,"column":5}},"type":"if","locations":[{"start":{"line":109,"column":4},"end":{"line":112,"column":5}},{"start":{},"end":{}}]},"5":{"loc":{"start":{"line":115,"column":4},"end":{"line":118,"column":5}},"type":"if","locations":[{"start":{"line":115,"column":4},"end":{"line":118,"column":5}},{"start":{},"end":{}}]},"6":{"loc":{"start":{"line":143,"column":6},"end":{"line":146,"column":7}},"type":"if","locations":[{"start":{"line":143,"column":6},"end":{"line":146,"column":7}},{"start":{},"end":{}}]},"7":{"loc":{"start":{"line":159,"column":20},"end":{"line":159,"column":47}},"type":"binary-expr","locations":[{"start":{"line":159,"column":20},"end":{"line":159,"column":34}},{"start":{"line":159,"column":38},"end":{"line":159,"column":47}}]},"8":{"loc":{"start":{"line":165,"column":15},"end":{"line":165,"column":48}},"type":"binary-expr","locations":[{"start":{"line":165,"column":15},"end":{"line":165,"column":28}},{"start":{"line":165,"column":32},"end":{"line":165,"column":48}}]},"9":{"loc":{"start":{"line":173,"column":4},"end":{"line":175,"column":5}},"type":"if","locations":[{"start":{"line":173,"column":4},"end":{"line":175,"column":5}},{"start":{},"end":{}}]}},"s":{"0":2,"1":2,"2":2,"3":2,"4":2,"5":2,"6":11,"7":11,"8":11,"9":11,"10":11,"11":11,"12":3,"13":3,"14":3,"15":1,"16":2,"17":1,"18":1,"19":1,"20":1,"21":1,"22":1,"23":1,"24":1,"25":1,"26":1,"27":1,"28":1,"29":3,"30":3,"31":3,"32":1,"33":1,"34":2,"35":2,"36":1,"37":1,"38":1,"39":1,"40":1,"41":1,"42":3,"43":3,"44":2,"45":2,"46":1,"47":1,"48":1,"49":1,"50":1,"51":1,"52":1,"53":1,"54":2,"55":2,"56":1,"57":1,"58":1,"59":1,"60":1,"61":2,"62":2},"f":{"0":11,"1":3,"2":3,"3":3,"4":2},"b":{"0":[1,2],"1":[3,2],"2":[1,1],"3":[2,1],"4":[1,2],"5":[1,1],"6":[1,1],"7":[1,1],"8":[1,0],"9":[1,1]}}
,"/home/vinicius_ribeiro/auth_fiapX_11soat/src/application/services/health.service.ts": {"path":"/home/vinicius_ribeiro/auth_fiapX_11soat/src/application/services/health.service.ts","statementMap":{"0":{"start":{"line":1,"column":0},"end":{"line":1,"column":44}},"1":{"start":{"line":2,"column":0},"end":{"line":2,"column":80}},"2":{"start":{"line":7,"column":0},"end":{"line":7,"column":81}},"3":{"start":{"line":8,"column":0},"end":{"line":8,"column":83}},"4":{"start":{"line":11,"column":7},"end":{"line":109,"column":null}},"5":{"start":{"line":16,"column":21},"end":{"line":16,"column":29}},"6":{"start":{"line":17,"column":21},"end":{"line":17,"column":29}},"7":{"start":{"line":12,"column":19},"end":{"line":12,"column":43}},"8":{"start":{"line":13,"column":19},"end":{"line":13,"column":48}},"9":{"start":{"line":19,"column":4},"end":{"line":19,"column":44}},"10":{"start":{"line":23,"column":50},"end":{"line":26,"column":6}},"11":{"start":{"line":28,"column":21},"end":{"line":31,"column":6}},"12":{"start":{"line":33,"column":19},"end":{"line":33,"column":56}},"13":{"start":{"line":35,"column":4},"end":{"line":40,"column":6}},"14":{"start":{"line":44,"column":18},"end":{"line":44,"column":28}},"15":{"start":{"line":45,"column":4},"end":{"line":66,"column":5}},"16":{"start":{"line":47,"column":6},"end":{"line":50,"column":9}},"17":{"start":{"line":52,"column":27},"end":{"line":52,"column":45}},"18":{"start":{"line":53,"column":6},"end":{"line":53,"column":90}},"19":{"start":{"line":55,"column":6},"end":{"line":55,"column":44}},"20":{"start":{"line":58,"column":8},"end":{"line":58,"column":64}},"21":{"start":{"line":60,"column":6},"end":{"line":60,"column":117}},"22":{"start":{"line":62,"column":6},"end":{"line":65,"column":8}},"23":{"start":{"line":70,"column":4},"end":{"line":94,"column":5}},"24":{"start":{"line":71,"column":21},"end":{"line":74,"column":8}},"25":{"start":{"line":76,"column":6},"end":{"line":78,"column":9}},"26":{"start":{"line":80,"column":6},"end":{"line":80,"column":20}},"27":{"start":{"line":83,"column":8},"end":{"line":83,"column":64}},"28":{"start":{"line":85,"column":6},"end":{"line":88,"column":8}},"29":{"start":{"line":90,"column":6},"end":{"line":93,"column":8}},"30":{"start":{"line":101,"column":4},"end":{"line":101,"column":71}},"31":{"start":{"line":105,"column":4},"end":{"line":107,"column":6}},"32":{"start":{"line":106,"column":6},"end":{"line":106,"column":65}},"33":{"start":{"line":106,"column":23},"end":{"line":106,"column":60}},"34":{"start":{"line":11,"column":13},"end":{"line":11,"column":26}},"35":{"start":{"line":11,"column":13},"end":{"line":109,"column":null}}},"fnMap":{"0":{"name":"(anonymous_2)","decl":{"start":{"line":15,"column":2},"end":{"line":15,"column":null}},"loc":{"start":{"line":17,"column":46},"end":{"line":20,"column":3}}},"1":{"name":"(anonymous_3)","decl":{"start":{"line":22,"column":2},"end":{"line":22,"column":7}},"loc":{"start":{"line":22,"column":15},"end":{"line":41,"column":3}}},"2":{"name":"(anonymous_4)","decl":{"start":{"line":43,"column":10},"end":{"line":43,"column":15}},"loc":{"start":{"line":43,"column":29},"end":{"line":67,"column":3}}},"3":{"name":"(anonymous_5)","decl":{"start":{"line":69,"column":10},"end":{"line":69,"column":15}},"loc":{"start":{"line":69,"column":34},"end":{"line":95,"column":3}}},"4":{"name":"(anonymous_6)","decl":{"start":{"line":97,"column":10},"end":{"line":97,"column":32}},"loc":{"start":{"line":100,"column":3},"end":{"line":102,"column":3}}},"5":{"name":"(anonymous_7)","decl":{"start":{"line":104,"column":10},"end":{"line":104,"column":17}},"loc":{"start":{"line":104,"column":28},"end":{"line":108,"column":3}}},"6":{"name":"(anonymous_8)","decl":{"start":{"line":105,"column":23},"end":{"line":105,"column":24}},"loc":{"start":{"line":106,"column":6},"end":{"line":106,"column":65}}},"7":{"name":"(anonymous_9)","decl":{"start":{"line":106,"column":17},"end":{"line":106,"column":20}},"loc":{"start":{"line":106,"column":23},"end":{"line":106,"column":60}}}},"branchMap":{"0":{"loc":{"start":{"line":58,"column":8},"end":{"line":58,"column":64}},"type":"cond-expr","locations":[{"start":{"line":58,"column":33},"end":{"line":58,"column":46}},{"start":{"line":58,"column":49},"end":{"line":58,"column":64}}]},"1":{"loc":{"start":{"line":60,"column":73},"end":{"line":60,"column":115}},"type":"cond-expr","locations":[{"start":{"line":60,"column":98},"end":{"line":60,"column":103}},{"start":{"line":60,"column":106},"end":{"line":60,"column":115}}]},"2":{"loc":{"start":{"line":83,"column":8},"end":{"line":83,"column":64}},"type":"cond-expr","locations":[{"start":{"line":83,"column":33},"end":{"line":83,"column":46}},{"start":{"line":83,"column":49},"end":{"line":83,"column":64}}]},"3":{"loc":{"start":{"line":87,"column":8},"end":{"line":87,"column":50}},"type":"cond-expr","locations":[{"start":{"line":87,"column":33},"end":{"line":87,"column":38}},{"start":{"line":87,"column":41},"end":{"line":87,"column":50}}]},"4":{"loc":{"start":{"line":101,"column":11},"end":{"line":101,"column":70}},"type":"cond-expr","locations":[{"start":{"line":101,"column":47},"end":{"line":101,"column":56}},{"start":{"line":101,"column":59},"end":{"line":101,"column":70}}]}},"s":{"0":0,"1":0,"2":0,"3":0,"4":0,"5":0,"6":0,"7":0,"8":0,"9":0,"10":0,"11":0,"12":0,"13":0,"14":0,"15":0,"16":0,"17":0,"18":0,"19":0,"20":0,"21":0,"22":0,"23":0,"24":0,"25":0,"26":0,"27":0,"28":0,"29":0,"30":0,"31":0,"32":0,"33":0,"34":0,"35":0},"f":{"0":0,"1":0,"2":0,"3":0,"4":0,"5":0,"6":0,"7":0},"b":{"0":[0,0],"1":[0,0],"2":[0,0],"3":[0,0],"4":[0,0]}}
,"/home/vinicius_ribeiro/auth_fiapX_11soat/src/common/middleware/logging.middleware.ts": {"path":"/home/vinicius_ribeiro/auth_fiapX_11soat/src/common/middleware/logging.middleware.ts","statementMap":{"0":{"start":{"line":1,"column":0},"end":{"line":1,"column":60}},"1":{"start":{"line":3,"column":0},"end":{"line":3,"column":36}},"2":{"start":{"line":4,"column":0},"end":{"line":4,"column":85}},"3":{"start":{"line":14,"column":7},"end":{"line":75,"column":null}},"4":{"start":{"line":15,"column":31},"end":{"line":15,"column":39}},"5":{"start":{"line":16,"column":4},"end":{"line":16,"column":35}},"6":{"start":{"line":20,"column":51},"end":{"line":20,"column":54}},"7":{"start":{"line":21,"column":22},"end":{"line":21,"column":32}},"8":{"start":{"line":23,"column":20},"end":{"line":23,"column":28}},"9":{"start":{"line":24,"column":4},"end":{"line":24,"column":26}},"10":{"start":{"line":26,"column":4},"end":{"line":26,"column":36}},"11":{"start":{"line":28,"column":4},"end":{"line":35,"column":7}},"12":{"start":{"line":37,"column":4},"end":{"line":56,"column":7}},"13":{"start":{"line":38,"column":29},"end":{"line":38,"column":32}},"14":{"start":{"line":39,"column":27},"end":{"line":39,"column":49}},"15":{"start":{"line":41,"column":6},"end":{"line":41,"column":83}},"16":{"start":{"line":43,"column":6},"end":{"line":55,"column":7}},"17":{"start":{"line":44,"column":8},"end":{"line":48,"column":11}},"18":{"start":{"line":49,"column":13},"end":{"line":55,"column":7}},"19":{"start":{"line":50,"column":8},"end":{"line":54,"column":11}},"20":{"start":{"line":58,"column":4},"end":{"line":58,"column":11}},"21":{"start":{"line":62,"column":4},"end":{"line":62,"column":32}},"22":{"start":{"line":62,"column":15},"end":{"line":62,"column":32}},"23":{"start":{"line":64,"column":22},"end":{"line":64,"column":33}},"24":{"start":{"line":66,"column":28},"end":{"line":66,"column":80}},"25":{"start":{"line":67,"column":4},"end":{"line":71,"column":7}},"26":{"start":{"line":68,"column":6},"end":{"line":70,"column":7}},"27":{"start":{"line":69,"column":8},"end":{"line":69,"column":44}},"28":{"start":{"line":73,"column":4},"end":{"line":73,"column":21}},"29":{"start":{"line":14,"column":13},"end":{"line":14,"column":30}},"30":{"start":{"line":14,"column":13},"end":{"line":75,"column":null}}},"fnMap":{"0":{"name":"(anonymous_2)","decl":{"start":{"line":15,"column":2},"end":{"line":15,"column":31}},"loc":{"start":{"line":15,"column":56},"end":{"line":17,"column":3}}},"1":{"name":"(anonymous_3)","decl":{"start":{"line":19,"column":2},"end":{"line":19,"column":5}},"loc":{"start":{"line":19,"column":53},"end":{"line":59,"column":3}}},"2":{"name":"(anonymous_4)","decl":{"start":{"line":37,"column":21},"end":{"line":37,"column":24}},"loc":{"start":{"line":37,"column":26},"end":{"line":56,"column":5}}},"3":{"name":"(anonymous_5)","decl":{"start":{"line":61,"column":10},"end":{"line":61,"column":22}},"loc":{"start":{"line":61,"column":32},"end":{"line":74,"column":3}}},"4":{"name":"(anonymous_6)","decl":{"start":{"line":67,"column":28},"end":{"line":67,"column":33}},"loc":{"start":{"line":67,"column":36},"end":{"line":71,"column":5}}}},"branchMap":{"0":{"loc":{"start":{"line":43,"column":6},"end":{"line":55,"column":7}},"type":"if","locations":[{"start":{"line":43,"column":6},"end":{"line":55,"column":7}},{"start":{"line":49,"column":13},"end":{"line":55,"column":7}}]},"1":{"loc":{"start":{"line":49,"column":13},"end":{"line":55,"column":7}},"type":"if","locations":[{"start":{"line":49,"column":13},"end":{"line":55,"column":7}},{"start":{},"end":{}}]},"2":{"loc":{"start":{"line":62,"column":4},"end":{"line":62,"column":32}},"type":"if","locations":[{"start":{"line":62,"column":4},"end":{"line":62,"column":32}},{"start":{},"end":{}}]},"3":{"loc":{"start":{"line":68,"column":6},"end":{"line":70,"column":7}},"type":"if","locations":[{"start":{"line":68,"column":6},"end":{"line":70,"column":7}},{"start":{},"end":{}}]}},"s":{"0":0,"1":0,"2":0,"3":0,"4":0,"5":0,"6":0,"7":0,"8":0,"9":0,"10":0,"11":0,"12":0,"13":0,"14":0,"15":0,"16":0,"17":0,"18":0,"19":0,"20":0,"21":0,"22":0,"23":0,"24":0,"25":0,"26":0,"27":0,"28":0,"29":0,"30":0},"f":{"0":0,"1":0,"2":0,"3":0,"4":0},"b":{"0":[0,0],"1":[0,0],"2":[0,0],"3":[0,0]}}
,"/home/vinicius_ribeiro/auth_fiapX_11soat/src/config/app.config.ts": {"path":"/home/vinicius_ribeiro/auth_fiapX_11soat/src/config/app.config.ts","statementMap":{"0":{"start":{"line":1,"column":13},"end":{"line":11,"column":2}}},"fnMap":{},"branchMap":{"0":{"loc":{"start":{"line":2,"column":8},"end":{"line":2,"column":32}},"type":"binary-expr","locations":[{"start":{"line":2,"column":8},"end":{"line":2,"column":24}},{"start":{"line":2,"column":28},"end":{"line":2,"column":32}}]},"1":{"loc":{"start":{"line":3,"column":11},"end":{"line":3,"column":48}},"type":"binary-expr","locations":[{"start":{"line":3,"column":11},"end":{"line":3,"column":31}},{"start":{"line":3,"column":35},"end":{"line":3,"column":48}}]},"2":{"loc":{"start":{"line":5,"column":12},"end":{"line":5,"column":75}},"type":"binary-expr","locations":[{"start":{"line":5,"column":12},"end":{"line":5,"column":34}},{"start":{"line":5,"column":38},"end":{"line":5,"column":75}}]},"3":{"loc":{"start":{"line":6,"column":15},"end":{"line":6,"column":49}},"type":"binary-expr","locations":[{"start":{"line":6,"column":15},"end":{"line":6,"column":41}},{"start":{"line":6,"column":45},"end":{"line":6,"column":49}}]}},"s":{"0":0},"f":{},"b":{"0":[0,0],"1":[0,0],"2":[0,0],"3":[0,0]}}
,"/home/vinicius_ribeiro/auth_fiapX_11soat/src/domain/entities/client.entity.ts": {"path":"/home/vinicius_ribeiro/auth_fiapX_11soat/src/domain/entities/client.entity.ts","statementMap":{"0":{"start":{"line":17,"column":4},"end":{"line":17,"column":17}},"1":{"start":{"line":18,"column":4},"end":{"line":18,"column":23}},"2":{"start":{"line":19,"column":4},"end":{"line":19,"column":29}},"3":{"start":{"line":20,"column":4},"end":{"line":20,"column":31}},"4":{"start":{"line":21,"column":4},"end":{"line":21,"column":31}},"5":{"start":{"line":22,"column":4},"end":{"line":22,"column":31}},"6":{"start":{"line":26,"column":4},"end":{"line":33,"column":6}},"7":{"start":{"line":37,"column":4},"end":{"line":37,"column":35}},"8":{"start":{"line":1,"column":0},"end":{"line":1,"column":13}}},"fnMap":{"0":{"name":"(anonymous_0)","decl":{"start":{"line":9,"column":2},"end":{"line":9,"column":null}},"loc":{"start":{"line":15,"column":19},"end":{"line":23,"column":3}}},"1":{"name":"(anonymous_1)","decl":{"start":{"line":25,"column":2},"end":{"line":25,"column":8}},"loc":{"start":{"line":25,"column":37},"end":{"line":34,"column":3}}},"2":{"name":"(anonymous_2)","decl":{"start":{"line":36,"column":2},"end":{"line":36,"column":11}},"loc":{"start":{"line":36,"column":11},"end":{"line":38,"column":3}}}},"branchMap":{},"s":{"0":17,"1":17,"2":17,"3":17,"4":17,"5":17,"6":9,"7":6,"8":3},"f":{"0":17,"1":9,"2":6},"b":{}}
,"/home/vinicius_ribeiro/auth_fiapX_11soat/src/domain/exceptions/client-already-exists.exception.ts": {"path":"/home/vinicius_ribeiro/auth_fiapX_11soat/src/domain/exceptions/client-already-exists.exception.ts","statementMap":{"0":{"start":{"line":1,"column":0},"end":{"line":1,"column":51}},"1":{"start":{"line":5,"column":4},"end":{"line":5,"column":42}},"2":{"start":{"line":3,"column":0},"end":{"line":3,"column":13}}},"fnMap":{"0":{"name":"(anonymous_0)","decl":{"start":{"line":4,"column":2},"end":{"line":4,"column":14}},"loc":{"start":{"line":4,"column":27},"end":{"line":6,"column":3}}}},"branchMap":{},"s":{"0":3,"1":4,"2":3},"f":{"0":4},"b":{}}
,"/home/vinicius_ribeiro/auth_fiapX_11soat/src/domain/exceptions/client-not-found.exception.ts": {"path":"/home/vinicius_ribeiro/auth_fiapX_11soat/src/domain/exceptions/client-not-found.exception.ts","statementMap":{"0":{"start":{"line":1,"column":0},"end":{"line":1,"column":51}},"1":{"start":{"line":5,"column":4},"end":{"line":5,"column":19}},"2":{"start":{"line":3,"column":0},"end":{"line":3,"column":13}}},"fnMap":{"0":{"name":"(anonymous_0)","decl":{"start":{"line":4,"column":2},"end":{"line":4,"column":14}},"loc":{"start":{"line":4,"column":74},"end":{"line":6,"column":3}}}},"branchMap":{"0":{"loc":{"start":{"line":4,"column":14},"end":{"line":4,"column":74}},"type":"default-arg","locations":[{"start":{"line":4,"column":24},"end":{"line":4,"column":74}}]}},"s":{"0":3,"1":6,"2":3},"f":{"0":6},"b":{"0":[4]}}
,"/home/vinicius_ribeiro/auth_fiapX_11soat/src/domain/exceptions/invalid-credentials.exception.ts": {"path":"/home/vinicius_ribeiro/auth_fiapX_11soat/src/domain/exceptions/invalid-credentials.exception.ts","statementMap":{"0":{"start":{"line":1,"column":0},"end":{"line":1,"column":55}},"1":{"start":{"line":5,"column":4},"end":{"line":5,"column":35}},"2":{"start":{"line":3,"column":0},"end":{"line":3,"column":13}}},"fnMap":{"0":{"name":"(anonymous_0)","decl":{"start":{"line":4,"column":2},"end":{"line":4,"column":null}},"loc":{"start":{"line":4,"column":2},"end":{"line":6,"column":3}}}},"branchMap":{},"s":{"0":3,"1":4,"2":3},"f":{"0":4},"b":{}}
,"/home/vinicius_ribeiro/auth_fiapX_11soat/src/infrastructure/database/prisma/prisma.service.ts": {"path":"/home/vinicius_ribeiro/auth_fiapX_11soat/src/infrastructure/database/prisma/prisma.service.ts","statementMap":{"0":{"start":{"line":1,"column":0},"end":{"line":1,"column":75}},"1":{"start":{"line":2,"column":0},"end":{"line":2,"column":46}},"2":{"start":{"line":5,"column":7},"end":{"line":13,"column":null}},"3":{"start":{"line":7,"column":4},"end":{"line":7,"column":26}},"4":{"start":{"line":11,"column":4},"end":{"line":11,"column":29}},"5":{"start":{"line":5,"column":13},"end":{"line":5,"column":26}},"6":{"start":{"line":5,"column":13},"end":{"line":13,"column":null}}},"fnMap":{"0":{"name":"(anonymous_1)","decl":{"start":{"line":6,"column":2},"end":{"line":6,"column":7}},"loc":{"start":{"line":6,"column":20},"end":{"line":8,"column":3}}},"1":{"name":"(anonymous_2)","decl":{"start":{"line":10,"column":2},"end":{"line":10,"column":7}},"loc":{"start":{"line":10,"column":23},"end":{"line":12,"column":3}}}},"branchMap":{},"s":{"0":2,"1":2,"2":2,"3":0,"4":0,"5":2,"6":2},"f":{"0":0,"1":0},"b":{}}
,"/home/vinicius_ribeiro/auth_fiapX_11soat/src/infrastructure/database/repositories/client.repository.ts": {"path":"/home/vinicius_ribeiro/auth_fiapX_11soat/src/infrastructure/database/repositories/client.repository.ts","statementMap":{"0":{"start":{"line":1,"column":0},"end":{"line":1,"column":44}},"1":{"start":{"line":3,"column":0},"end":{"line":3,"column":57}},"2":{"start":{"line":4,"column":0},"end":{"line":4,"column":57}},"3":{"start":{"line":7,"column":7},"end":{"line":67,"column":null}},"4":{"start":{"line":8,"column":31},"end":{"line":8,"column":39}},"5":{"start":{"line":11,"column":19},"end":{"line":13,"column":6}},"6":{"start":{"line":15,"column":4},"end":{"line":17,"column":5}},"7":{"start":{"line":16,"column":6},"end":{"line":16,"column":18}},"8":{"start":{"line":19,"column":4},"end":{"line":21,"column":5}},"9":{"start":{"line":20,"column":6},"end":{"line":20,"column":18}},"10":{"start":{"line":23,"column":4},"end":{"line":23,"column":37}},"11":{"start":{"line":27,"column":19},"end":{"line":29,"column":6}},"12":{"start":{"line":31,"column":4},"end":{"line":33,"column":5}},"13":{"start":{"line":32,"column":6},"end":{"line":32,"column":18}},"14":{"start":{"line":35,"column":4},"end":{"line":35,"column":37}},"15":{"start":{"line":39,"column":19},"end":{"line":44,"column":6}},"16":{"start":{"line":46,"column":4},"end":{"line":46,"column":37}},"17":{"start":{"line":50,"column":4},"end":{"line":53,"column":7}},"18":{"start":{"line":57,"column":19},"end":{"line":63,"column":6}},"19":{"start":{"line":65,"column":4},"end":{"line":65,"column":37}},"20":{"start":{"line":7,"column":13},"end":{"line":7,"column":29}},"21":{"start":{"line":7,"column":13},"end":{"line":67,"column":null}}},"fnMap":{"0":{"name":"(anonymous_2)","decl":{"start":{"line":8,"column":2},"end":{"line":8,"column":31}},"loc":{"start":{"line":8,"column":52},"end":{"line":8,"column":56}}},"1":{"name":"(anonymous_3)","decl":{"start":{"line":10,"column":2},"end":{"line":10,"column":7}},"loc":{"start":{"line":10,"column":57},"end":{"line":24,"column":3}}},"2":{"name":"(anonymous_4)","decl":{"start":{"line":26,"column":2},"end":{"line":26,"column":7}},"loc":{"start":{"line":26,"column":27},"end":{"line":36,"column":3}}},"3":{"name":"(anonymous_5)","decl":{"start":{"line":38,"column":2},"end":{"line":38,"column":7}},"loc":{"start":{"line":38,"column":52},"end":{"line":47,"column":3}}},"4":{"name":"(anonymous_6)","decl":{"start":{"line":49,"column":2},"end":{"line":49,"column":7}},"loc":{"start":{"line":49,"column":29},"end":{"line":54,"column":3}}},"5":{"name":"(anonymous_7)","decl":{"start":{"line":56,"column":2},"end":{"line":56,"column":7}},"loc":{"start":{"line":56,"column":54},"end":{"line":66,"column":3}}}},"branchMap":{"0":{"loc":{"start":{"line":10,"column":35},"end":{"line":10,"column":57}},"type":"default-arg","locations":[{"start":{"line":10,"column":52},"end":{"line":10,"column":57}}]},"1":{"loc":{"start":{"line":15,"column":4},"end":{"line":17,"column":5}},"type":"if","locations":[{"start":{"line":15,"column":4},"end":{"line":17,"column":5}},{"start":{},"end":{}}]},"2":{"loc":{"start":{"line":19,"column":4},"end":{"line":21,"column":5}},"type":"if","locations":[{"start":{"line":19,"column":4},"end":{"line":21,"column":5}},{"start":{},"end":{}}]},"3":{"loc":{"start":{"line":19,"column":8},"end":{"line":19,"column":43}},"type":"binary-expr","locations":[{"start":{"line":19,"column":8},"end":{"line":19,"column":23}},{"start":{"line":19,"column":27},"end":{"line":19,"column":43}}]},"4":{"loc":{"start":{"line":31,"column":4},"end":{"line":33,"column":5}},"type":"if","locations":[{"start":{"line":31,"column":4},"end":{"line":33,"column":5}},{"start":{},"end":{}}]},"5":{"loc":{"start":{"line":31,"column":8},"end":{"line":31,"column":35}},"type":"binary-expr","locations":[{"start":{"line":31,"column":8},"end":{"line":31,"column":15}},{"start":{"line":31,"column":19},"end":{"line":31,"column":35}}]}},"s":{"0":1,"1":1,"2":1,"3":1,"4":10,"5":4,"6":4,"7":1,"8":3,"9":1,"10":2,"11":3,"12":3,"13":2,"14":1,"15":1,"16":1,"17":1,"18":1,"19":1,"20":1,"21":1},"f":{"0":10,"1":4,"2":3,"3":1,"4":1,"5":1},"b":{"0":[3],"1":[1,3],"2":[1,2],"3":[3,2],"4":[2,1],"5":[3,2]}}
,"/home/vinicius_ribeiro/auth_fiapX_11soat/src/infrastructure/logging/audit-logger.service.ts": {"path":"/home/vinicius_ribeiro/auth_fiapX_11soat/src/infrastructure/logging/audit-logger.service.ts","statementMap":{"0":{"start":{"line":1,"column":0},"end":{"line":1,"column":44}},"1":{"start":{"line":6,"column":0},"end":{"line":6,"column":58}},"2":{"start":{"line":9,"column":7},"end":{"line":17,"column":null}},"3":{"start":{"line":10,"column":31},"end":{"line":10,"column":39}},"4":{"start":{"line":11,"column":4},"end":{"line":11,"column":42}},"5":{"start":{"line":15,"column":4},"end":{"line":15,"column":47}},"6":{"start":{"line":9,"column":13},"end":{"line":9,"column":31}},"7":{"start":{"line":9,"column":13},"end":{"line":17,"column":null}}},"fnMap":{"0":{"name":"(anonymous_2)","decl":{"start":{"line":10,"column":2},"end":{"line":10,"column":31}},"loc":{"start":{"line":10,"column":56},"end":{"line":12,"column":3}}},"1":{"name":"(anonymous_3)","decl":{"start":{"line":14,"column":2},"end":{"line":14,"column":7}},"loc":{"start":{"line":14,"column":65},"end":{"line":16,"column":3}}}},"branchMap":{},"s":{"0":0,"1":0,"2":0,"3":0,"4":0,"5":0,"6":0,"7":0},"f":{"0":0,"1":0},"b":{}}
,"/home/vinicius_ribeiro/auth_fiapX_11soat/src/infrastructure/logging/pino-logger.service.ts": {"path":"/home/vinicius_ribeiro/auth_fiapX_11soat/src/infrastructure/logging/pino-logger.service.ts","statementMap":{"0":{"start":{"line":1,"column":0},"end":{"line":1,"column":44}},"1":{"start":{"line":3,"column":0},"end":{"line":3,"column":49}},"2":{"start":{"line":6,"column":7},"end":{"line":92,"column":null}},"3":{"start":{"line":12,"column":4},"end":{"line":12,"column":37}},"4":{"start":{"line":16,"column":4},"end":{"line":16,"column":27}},"5":{"start":{"line":20,"column":4},"end":{"line":20,"column":27}},"6":{"start":{"line":24,"column":4},"end":{"line":24,"column":23}},"7":{"start":{"line":28,"column":4},"end":{"line":32,"column":6}},"8":{"start":{"line":36,"column":4},"end":{"line":36,"column":59}},"9":{"start":{"line":40,"column":4},"end":{"line":40,"column":59}},"10":{"start":{"line":44,"column":4},"end":{"line":54,"column":6}},"11":{"start":{"line":58,"column":4},"end":{"line":67,"column":6}},"12":{"start":{"line":71,"column":4},"end":{"line":81,"column":6}},"13":{"start":{"line":85,"column":28},"end":{"line":85,"column":40}},"14":{"start":{"line":86,"column":4},"end":{"line":88,"column":5}},"15":{"start":{"line":87,"column":6},"end":{"line":87,"column":29}},"16":{"start":{"line":89,"column":4},"end":{"line":89,"column":23}},"17":{"start":{"line":90,"column":4},"end":{"line":90,"column":35}},"18":{"start":{"line":6,"column":13},"end":{"line":6,"column":30}},"19":{"start":{"line":6,"column":13},"end":{"line":92,"column":null}}},"fnMap":{"0":{"name":"(anonymous_2)","decl":{"start":{"line":11,"column":2},"end":{"line":11,"column":null}},"loc":{"start":{"line":11,"column":2},"end":{"line":13,"column":3}}},"1":{"name":"(anonymous_3)","decl":{"start":{"line":15,"column":2},"end":{"line":15,"column":12}},"loc":{"start":{"line":15,"column":28},"end":{"line":17,"column":3}}},"2":{"name":"(anonymous_4)","decl":{"start":{"line":19,"column":2},"end":{"line":19,"column":12}},"loc":{"start":{"line":19,"column":28},"end":{"line":21,"column":3}}},"3":{"name":"(anonymous_5)","decl":{"start":{"line":23,"column":2},"end":{"line":23,"column":11}},"loc":{"start":{"line":23,"column":11},"end":{"line":25,"column":3}}},"4":{"name":"(anonymous_6)","decl":{"start":{"line":27,"column":10},"end":{"line":27,"column":26}},"loc":{"start":{"line":27,"column":63},"end":{"line":33,"column":3}}},"5":{"name":"(anonymous_7)","decl":{"start":{"line":35,"column":2},"end":{"line":35,"column":6}},"loc":{"start":{"line":35,"column":50},"end":{"line":37,"column":3}}},"6":{"name":"(anonymous_8)","decl":{"start":{"line":39,"column":2},"end":{"line":39,"column":6}},"loc":{"start":{"line":39,"column":50},"end":{"line":41,"column":3}}},"7":{"name":"(anonymous_9)","decl":{"start":{"line":43,"column":2},"end":{"line":43,"column":7}},"loc":{"start":{"line":43,"column":66},"end":{"line":55,"column":3}}},"8":{"name":"(anonymous_10)","decl":{"start":{"line":57,"column":2},"end":{"line":57,"column":7}},"loc":{"start":{"line":57,"column":84},"end":{"line":68,"column":3}}},"9":{"name":"(anonymous_11)","decl":{"start":{"line":70,"column":2},"end":{"line":70,"column":6}},"loc":{"start":{"line":70,"column":104},"end":{"line":82,"column":3}}},"10":{"name":"(anonymous_12)","decl":{"start":{"line":84,"column":2},"end":{"line":84,"column":5}},"loc":{"start":{"line":84,"column":39},"end":{"line":91,"column":3}}}},"branchMap":{"0":{"loc":{"start":{"line":47,"column":15},"end":{"line":51,"column":21}},"type":"cond-expr","locations":[{"start":{"line":47,"column":23},"end":{"line":51,"column":10}},{"start":{"line":51,"column":12},"end":{"line":51,"column":21}}]},"1":{"loc":{"start":{"line":86,"column":4},"end":{"line":88,"column":5}},"type":"if","locations":[{"start":{"line":86,"column":4},"end":{"line":88,"column":5}},{"start":{},"end":{}}]}},"s":{"0":3,"1":3,"2":3,"3":0,"4":0,"5":0,"6":0,"7":0,"8":0,"9":0,"10":0,"11":0,"12":0,"13":0,"14":0,"15":0,"16":0,"17":0,"18":3,"19":3},"f":{"0":0,"1":0,"2":0,"3":0,"4":0,"5":0,"6":0,"7":0,"8":0,"9":0,"10":0},"b":{"0":[0,0],"1":[0,0]}}
,"/home/vinicius_ribeiro/auth_fiapX_11soat/src/infrastructure/security/bcrypt-hash.service.ts": {"path":"/home/vinicius_ribeiro/auth_fiapX_11soat/src/infrastructure/security/bcrypt-hash.service.ts","statementMap":{"0":{"start":{"line":1,"column":0},"end":{"line":1,"column":44}},"1":{"start":{"line":3,"column":0},"end":{"line":3,"column":35}},"2":{"start":{"line":6,"column":7},"end":{"line":16,"column":null}},"3":{"start":{"line":7,"column":19},"end":{"line":7,"column":35}},"4":{"start":{"line":10,"column":4},"end":{"line":10,"column":50}},"5":{"start":{"line":14,"column":4},"end":{"line":14,"column":42}},"6":{"start":{"line":6,"column":13},"end":{"line":6,"column":30}},"7":{"start":{"line":6,"column":13},"end":{"line":16,"column":null}}},"fnMap":{"0":{"name":"(anonymous_1)","decl":{"start":{"line":6,"column":7},"end":{"line":6,"column":13}},"loc":{"start":{"line":6,"column":7},"end":{"line":16,"column":1}}},"1":{"name":"(anonymous_2)","decl":{"start":{"line":9,"column":2},"end":{"line":9,"column":7}},"loc":{"start":{"line":9,"column":29},"end":{"line":11,"column":3}}},"2":{"name":"(anonymous_3)","decl":{"start":{"line":13,"column":2},"end":{"line":13,"column":7}},"loc":{"start":{"line":13,"column":46},"end":{"line":15,"column":3}}}},"branchMap":{},"s":{"0":1,"1":1,"2":1,"3":6,"4":7,"5":3,"6":1,"7":1},"f":{"0":6,"1":7,"2":3},"b":{}}
,"/home/vinicius_ribeiro/auth_fiapX_11soat/src/infrastructure/security/jwt-token.service.ts": {"path":"/home/vinicius_ribeiro/auth_fiapX_11soat/src/infrastructure/security/jwt-token.service.ts","statementMap":{"0":{"start":{"line":1,"column":0},"end":{"line":1,"column":44}},"1":{"start":{"line":2,"column":0},"end":{"line":2,"column":47}},"2":{"start":{"line":8,"column":0},"end":{"line":8,"column":36}},"3":{"start":{"line":11,"column":7},"end":{"line":47,"column":null}},"4":{"start":{"line":15,"column":31},"end":{"line":15,"column":46}},"5":{"start":{"line":16,"column":4},"end":{"line":16,"column":107}},"6":{"start":{"line":17,"column":4},"end":{"line":17,"column":79}},"7":{"start":{"line":21,"column":18},"end":{"line":24,"column":null}},"8":{"start":{"line":27,"column":20},"end":{"line":27,"column":55}},"9":{"start":{"line":29,"column":4},"end":{"line":33,"column":6}},"10":{"start":{"line":37,"column":4},"end":{"line":37,"column":59}},"11":{"start":{"line":41,"column":4},"end":{"line":45,"column":5}},"12":{"start":{"line":42,"column":6},"end":{"line":42,"column":45}},"13":{"start":{"line":44,"column":6},"end":{"line":44,"column":18}},"14":{"start":{"line":11,"column":13},"end":{"line":11,"column":28}},"15":{"start":{"line":11,"column":13},"end":{"line":47,"column":null}}},"fnMap":{"0":{"name":"(anonymous_2)","decl":{"start":{"line":15,"column":2},"end":{"line":15,"column":31}},"loc":{"start":{"line":15,"column":59},"end":{"line":18,"column":3}}},"1":{"name":"(anonymous_3)","decl":{"start":{"line":20,"column":2},"end":{"line":20,"column":7}},"loc":{"start":{"line":20,"column":62},"end":{"line":34,"column":3}}},"2":{"name":"(anonymous_4)","decl":{"start":{"line":36,"column":2},"end":{"line":36,"column":7}},"loc":{"start":{"line":36,"column":33},"end":{"line":38,"column":3}}},"3":{"name":"(anonymous_5)","decl":{"start":{"line":40,"column":2},"end":{"line":40,"column":13}},"loc":{"start":{"line":40,"column":27},"end":{"line":46,"column":3}}}},"branchMap":{"0":{"loc":{"start":{"line":16,"column":21},"end":{"line":16,"column":106}},"type":"binary-expr","locations":[{"start":{"line":16,"column":21},"end":{"line":16,"column":65}},{"start":{"line":16,"column":69},"end":{"line":16,"column":106}}]}},"s":{"0":1,"1":1,"2":1,"3":1,"4":7,"5":7,"6":7,"7":4,"8":4,"9":4,"10":3,"11":2,"12":2,"13":0,"14":1,"15":1},"f":{"0":7,"1":4,"2":3,"3":2},"b":{"0":[7,0]}}
,"/home/vinicius_ribeiro/auth_fiapX_11soat/src/infrastructure/security/jwt.strategy.ts": {"path":"/home/vinicius_ribeiro/auth_fiapX_11soat/src/infrastructure/security/jwt.strategy.ts","statementMap":{"0":{"start":{"line":1,"column":0},"end":{"line":1,"column":67}},"1":{"start":{"line":2,"column":0},"end":{"line":2,"column":52}},"2":{"start":{"line":3,"column":0},"end":{"line":3,"column":52}},"3":{"start":{"line":4,"column":0},"end":{"line":4,"column":47}},"4":{"start":{"line":5,"column":0},"end":{"line":5,"column":66}},"5":{"start":{"line":9,"column":7},"end":{"line":39,"column":null}},"6":{"start":{"line":14,"column":4},"end":{"line":18,"column":7}},"7":{"start":{"line":11,"column":21},"end":{"line":11,"column":36}},"8":{"start":{"line":12,"column":21},"end":{"line":12,"column":29}},"9":{"start":{"line":22,"column":19},"end":{"line":27,"column":6}},"10":{"start":{"line":29,"column":4},"end":{"line":31,"column":5}},"11":{"start":{"line":30,"column":6},"end":{"line":30,"column":82}},"12":{"start":{"line":33,"column":4},"end":{"line":37,"column":6}},"13":{"start":{"line":9,"column":13},"end":{"line":9,"column":24}},"14":{"start":{"line":9,"column":13},"end":{"line":39,"column":null}}},"fnMap":{"0":{"name":"(anonymous_2)","decl":{"start":{"line":10,"column":2},"end":{"line":10,"column":null}},"loc":{"start":{"line":12,"column":42},"end":{"line":19,"column":3}}},"1":{"name":"(anonymous_3)","decl":{"start":{"line":21,"column":2},"end":{"line":21,"column":7}},"loc":{"start":{"line":21,"column":36},"end":{"line":38,"column":3}}}},"branchMap":{"0":{"loc":{"start":{"line":29,"column":4},"end":{"line":31,"column":5}},"type":"if","locations":[{"start":{"line":29,"column":4},"end":{"line":31,"column":5}},{"start":{},"end":{}}]}},"s":{"0":1,"1":1,"2":1,"3":1,"4":1,"5":1,"6":3,"7":3,"8":3,"9":3,"10":3,"11":2,"12":1,"13":1,"14":1},"f":{"0":3,"1":3},"b":{"0":[2,1]}}
,"/home/vinicius_ribeiro/auth_fiapX_11soat/src/presentation/controllers/auth.controller.ts": {"path":"/home/vinicius_ribeiro/auth_fiapX_11soat/src/presentation/controllers/auth.controller.ts","statementMap":{"0":{"start":{"line":1,"column":0},"end":{"line":1,"column":null}},"1":{"start":{"line":12,"column":0},"end":{"line":12,"column":66}},"2":{"start":{"line":13,"column":0},"end":{"line":13,"column":50}},"3":{"start":{"line":14,"column":0},"end":{"line":14,"column":44}},"4":{"start":{"line":15,"column":0},"end":{"line":15,"column":56}},"5":{"start":{"line":18,"column":7},"end":{"line":51,"column":null}},"6":{"start":{"line":19,"column":31},"end":{"line":19,"column":44}},"7":{"start":{"line":24,"column":4},"end":{"line":24,"column":50}},"8":{"start":{"line":30,"column":4},"end":{"line":30,"column":44}},"9":{"start":{"line":36,"column":4},"end":{"line":38,"column":5}},"10":{"start":{"line":37,"column":6},"end":{"line":37,"column":60}},"11":{"start":{"line":40,"column":18},"end":{"line":40,"column":42}},"12":{"start":{"line":41,"column":4},"end":{"line":41,"column":49}},"13":{"start":{"line":48,"column":21},"end":{"line":48,"column":38}},"14":{"start":{"line":49,"column":4},"end":{"line":49,"column":52}},"15":{"start":{"line":18,"column":13},"end":{"line":18,"column":27}},"16":{"start":{"line":23,"column":8},"end":{"line":25,"column":null}},"17":{"start":{"line":29,"column":8},"end":{"line":31,"column":null}},"18":{"start":{"line":35,"column":8},"end":{"line":42,"column":null}},"19":{"start":{"line":47,"column":8},"end":{"line":50,"column":null}},"20":{"start":{"line":18,"column":13},"end":{"line":51,"column":null}}},"fnMap":{"0":{"name":"(anonymous_4)","decl":{"start":{"line":19,"column":2},"end":{"line":19,"column":31}},"loc":{"start":{"line":19,"column":55},"end":{"line":19,"column":59}}},"1":{"name":"(anonymous_5)","decl":{"start":{"line":23,"column":8},"end":{"line":23,"column":16}},"loc":{"start":{"line":23,"column":49},"end":{"line":25,"column":3}}},"2":{"name":"(anonymous_6)","decl":{"start":{"line":29,"column":8},"end":{"line":29,"column":13}},"loc":{"start":{"line":29,"column":40},"end":{"line":31,"column":3}}},"3":{"name":"(anonymous_7)","decl":{"start":{"line":35,"column":8},"end":{"line":35,"column":21}},"loc":{"start":{"line":35,"column":66},"end":{"line":42,"column":3}}},"4":{"name":"(anonymous_8)","decl":{"start":{"line":47,"column":8},"end":{"line":47,"column":21}},"loc":{"start":{"line":47,"column":36},"end":{"line":50,"column":3}}}},"branchMap":{"0":{"loc":{"start":{"line":36,"column":4},"end":{"line":38,"column":5}},"type":"if","locations":[{"start":{"line":36,"column":4},"end":{"line":38,"column":5}},{"start":{},"end":{}}]}},"s":{"0":1,"1":1,"2":1,"3":1,"4":1,"5":1,"6":6,"7":1,"8":1,"9":3,"10":2,"11":1,"12":1,"13":1,"14":1,"15":1,"16":1,"17":1,"18":1,"19":1,"20":1},"f":{"0":6,"1":1,"2":1,"3":3,"4":1},"b":{"0":[2,1]}}
,"/home/vinicius_ribeiro/auth_fiapX_11soat/src/presentation/controllers/health-api.controller.ts": {"path":"/home/vinicius_ribeiro/auth_fiapX_11soat/src/presentation/controllers/health-api.controller.ts","statementMap":{"0":{"start":{"line":1,"column":0},"end":{"line":1,"column":49}},"1":{"start":{"line":5,"column":7},"end":{"line":15,"column":null}},"2":{"start":{"line":8,"column":22},"end":{"line":8,"column":32}},"3":{"start":{"line":10,"column":4},"end":{"line":13,"column":6}},"4":{"start":{"line":5,"column":13},"end":{"line":5,"column":32}},"5":{"start":{"line":7,"column":8},"end":{"line":14,"column":null}},"6":{"start":{"line":5,"column":13},"end":{"line":15,"column":null}}},"fnMap":{"0":{"name":"(anonymous_2)","decl":{"start":{"line":7,"column":8},"end":{"line":7,"column":19}},"loc":{"start":{"line":7,"column":19},"end":{"line":14,"column":3}}}},"branchMap":{},"s":{"0":0,"1":0,"2":0,"3":0,"4":0,"5":0,"6":0},"f":{"0":0},"b":{}}
,"/home/vinicius_ribeiro/auth_fiapX_11soat/src/presentation/controllers/health.controller.ts": {"path":"/home/vinicius_ribeiro/auth_fiapX_11soat/src/presentation/controllers/health.controller.ts","statementMap":{"0":{"start":{"line":1,"column":0},"end":{"line":1,"column":76}},"1":{"start":{"line":2,"column":0},"end":{"line":2,"column":70}},"2":{"start":{"line":5,"column":7},"end":{"line":33,"column":null}},"3":{"start":{"line":6,"column":31},"end":{"line":6,"column":46}},"4":{"start":{"line":10,"column":4},"end":{"line":31,"column":5}},"5":{"start":{"line":11,"column":21},"end":{"line":11,"column":55}},"6":{"start":{"line":13,"column":6},"end":{"line":15,"column":7}},"7":{"start":{"line":14,"column":8},"end":{"line":14,"column":72}},"8":{"start":{"line":17,"column":6},"end":{"line":17,"column":20}},"9":{"start":{"line":19,"column":6},"end":{"line":21,"column":7}},"10":{"start":{"line":20,"column":8},"end":{"line":20,"column":20}},"11":{"start":{"line":23,"column":6},"end":{"line":30,"column":8}},"12":{"start":{"line":5,"column":13},"end":{"line":5,"column":29}},"13":{"start":{"line":9,"column":8},"end":{"line":32,"column":null}},"14":{"start":{"line":5,"column":13},"end":{"line":33,"column":null}}},"fnMap":{"0":{"name":"(anonymous_2)","decl":{"start":{"line":6,"column":2},"end":{"line":6,"column":31}},"loc":{"start":{"line":6,"column":59},"end":{"line":6,"column":63}}},"1":{"name":"(anonymous_3)","decl":{"start":{"line":9,"column":8},"end":{"line":9,"column":16}},"loc":{"start":{"line":9,"column":16},"end":{"line":32,"column":3}}}},"branchMap":{"0":{"loc":{"start":{"line":13,"column":6},"end":{"line":15,"column":7}},"type":"if","locations":[{"start":{"line":13,"column":6},"end":{"line":15,"column":7}},{"start":{},"end":{}}]},"1":{"loc":{"start":{"line":19,"column":6},"end":{"line":21,"column":7}},"type":"if","locations":[{"start":{"line":19,"column":6},"end":{"line":21,"column":7}},{"start":{},"end":{}}]},"2":{"loc":{"start":{"line":27,"column":17},"end":{"line":27,"column":79}},"type":"cond-expr","locations":[{"start":{"line":27,"column":42},"end":{"line":27,"column":55}},{"start":{"line":27,"column":58},"end":{"line":27,"column":79}}]}},"s":{"0":0,"1":0,"2":0,"3":0,"4":0,"5":0,"6":0,"7":0,"8":0,"9":0,"10":0,"11":0,"12":0,"13":0,"14":0},"f":{"0":0,"1":0},"b":{"0":[0,0],"1":[0,0],"2":[0,0]}}
,"/home/vinicius_ribeiro/auth_fiapX_11soat/src/presentation/dto/auth-response.dto.ts": {"path":"/home/vinicius_ribeiro/auth_fiapX_11soat/src/presentation/dto/auth-response.dto.ts","statementMap":{"0":{"start":{"line":1,"column":0},"end":{"line":1,"column":13}}},"fnMap":{},"branchMap":{},"s":{"0":0},"f":{},"b":{}}
,"/home/vinicius_ribeiro/auth_fiapX_11soat/src/presentation/dto/login.dto.ts": {"path":"/home/vinicius_ribeiro/auth_fiapX_11soat/src/presentation/dto/login.dto.ts","statementMap":{"0":{"start":{"line":1,"column":0},"end":{"line":1,"column":52}},"1":{"start":{"line":3,"column":0},"end":{"line":3,"column":13}},"2":{"start":{"line":5,"column":2},"end":{"line":5,"column":null}},"3":{"start":{"line":8,"column":2},"end":{"line":8,"column":null}}},"fnMap":{},"branchMap":{},"s":{"0":1,"1":1,"2":1,"3":1},"f":{},"b":{}}
,"/home/vinicius_ribeiro/auth_fiapX_11soat/src/presentation/dto/register.dto.ts": {"path":"/home/vinicius_ribeiro/auth_fiapX_11soat/src/presentation/dto/register.dto.ts","statementMap":{"0":{"start":{"line":1,"column":0},"end":{"line":1,"column":72}},"1":{"start":{"line":3,"column":0},"end":{"line":3,"column":13}},"2":{"start":{"line":5,"column":2},"end":{"line":5,"column":null}},"3":{"start":{"line":18,"column":2},"end":{"line":18,"column":null}}},"fnMap":{},"branchMap":{},"s":{"0":1,"1":1,"2":1,"3":1},"f":{},"b":{}}
,"/home/vinicius_ribeiro/auth_fiapX_11soat/src/presentation/dto/validate-token-response.dto.ts": {"path":"/home/vinicius_ribeiro/auth_fiapX_11soat/src/presentation/dto/validate-token-response.dto.ts","statementMap":{"0":{"start":{"line":1,"column":0},"end":{"line":1,"column":13}}},"fnMap":{},"branchMap":{},"s":{"0":0},"f":{},"b":{}}
,"/home/vinicius_ribeiro/auth_fiapX_11soat/src/presentation/filters/http-exception.filter.ts": {"path":"/home/vinicius_ribeiro/auth_fiapX_11soat/src/presentation/filters/http-exception.filter.ts","statementMap":{"0":{"start":{"line":1,"column":0},"end":{"line":1,"column":null}},"1":{"start":{"line":9,"column":0},"end":{"line":9,"column":81}},"2":{"start":{"line":12,"column":7},"end":{"line":82,"column":null}},"3":{"start":{"line":13,"column":31},"end":{"line":13,"column":39}},"4":{"start":{"line":14,"column":4},"end":{"line":14,"column":50}},"5":{"start":{"line":18,"column":16},"end":{"line":18,"column":35}},"6":{"start":{"line":19,"column":21},"end":{"line":19,"column":48}},"7":{"start":{"line":20,"column":20},"end":{"line":20,"column":45}},"8":{"start":{"line":23,"column":6},"end":{"line":25,"column":42}},"9":{"start":{"line":28,"column":23},"end":{"line":28,"column":38}},"10":{"start":{"line":30,"column":4},"end":{"line":51,"column":5}},"11":{"start":{"line":31,"column":32},"end":{"line":31,"column":55}},"12":{"start":{"line":33,"column":6},"end":{"line":43,"column":7}},"13":{"start":{"line":34,"column":8},"end":{"line":34,"column":41}},"14":{"start":{"line":35,"column":8},"end":{"line":35,"column":79}},"15":{"start":{"line":37,"column":8},"end":{"line":41,"column":10}},"16":{"start":{"line":42,"column":8},"end":{"line":42,"column":41}},"17":{"start":{"line":45,"column":6},"end":{"line":49,"column":8}},"18":{"start":{"line":50,"column":6},"end":{"line":50,"column":86}},"19":{"start":{"line":53,"column":4},"end":{"line":56,"column":5}},"20":{"start":{"line":54,"column":6},"end":{"line":54,"column":46}},"21":{"start":{"line":55,"column":6},"end":{"line":55,"column":45}},"22":{"start":{"line":58,"column":4},"end":{"line":78,"column":5}},"23":{"start":{"line":59,"column":6},"end":{"line":69,"column":8}},"24":{"start":{"line":70,"column":11},"end":{"line":78,"column":5}},"25":{"start":{"line":71,"column":6},"end":{"line":77,"column":9}},"26":{"start":{"line":80,"column":4},"end":{"line":80,"column":47}},"27":{"start":{"line":12,"column":13},"end":{"line":12,"column":32}},"28":{"start":{"line":12,"column":13},"end":{"line":82,"column":null}}},"fnMap":{"0":{"name":"(anonymous_2)","decl":{"start":{"line":13,"column":2},"end":{"line":13,"column":31}},"loc":{"start":{"line":13,"column":56},"end":{"line":15,"column":3}}},"1":{"name":"(anonymous_3)","decl":{"start":{"line":17,"column":2},"end":{"line":17,"column":7}},"loc":{"start":{"line":17,"column":47},"end":{"line":81,"column":3}}}},"branchMap":{"0":{"loc":{"start":{"line":23,"column":6},"end":{"line":25,"column":42}},"type":"cond-expr","locations":[{"start":{"line":24,"column":10},"end":{"line":24,"column":31}},{"start":{"line":25,"column":10},"end":{"line":25,"column":42}}]},"1":{"loc":{"start":{"line":30,"column":4},"end":{"line":51,"column":5}},"type":"if","locations":[{"start":{"line":30,"column":4},"end":{"line":51,"column":5}},{"start":{"line":44,"column":11},"end":{"line":51,"column":5}}]},"2":{"loc":{"start":{"line":33,"column":6},"end":{"line":43,"column":7}},"type":"if","locations":[{"start":{"line":33,"column":6},"end":{"line":43,"column":7}},{"start":{"line":36,"column":13},"end":{"line":43,"column":7}}]},"3":{"loc":{"start":{"line":35,"column":24},"end":{"line":35,"column":78}},"type":"binary-expr","locations":[{"start":{"line":35,"column":24},"end":{"line":35,"column":57}},{"start":{"line":35,"column":61},"end":{"line":35,"column":78}}]},"4":{"loc":{"start":{"line":50,"column":21},"end":{"line":50,"column":85}},"type":"cond-expr","locations":[{"start":{"line":50,"column":50},"end":{"line":50,"column":67}},{"start":{"line":50,"column":70},"end":{"line":50,"column":85}}]},"5":{"loc":{"start":{"line":53,"column":4},"end":{"line":56,"column":5}},"type":"if","locations":[{"start":{"line":53,"column":4},"end":{"line":56,"column":5}},{"start":{},"end":{}}]},"6":{"loc":{"start":{"line":58,"column":4},"end":{"line":78,"column":5}},"type":"if","locations":[{"start":{"line":58,"column":4},"end":{"line":78,"column":5}},{"start":{"line":70,"column":11},"end":{"line":78,"column":5}}]},"7":{"loc":{"start":{"line":61,"column":8},"end":{"line":61,"column":58}},"type":"cond-expr","locations":[{"start":{"line":61,"column":37},"end":{"line":61,"column":46}},{"start":{"line":61,"column":49},"end":{"line":61,"column":58}}]},"8":{"loc":{"start":{"line":70,"column":11},"end":{"line":78,"column":5}},"type":"if","locations":[{"start":{"line":70,"column":11},"end":{"line":78,"column":5}},{"start":{},"end":{}}]}},"s":{"0":1,"1":1,"2":1,"3":4,"4":4,"5":4,"6":4,"7":4,"8":4,"9":4,"10":4,"11":2,"12":2,"13":1,"14":1,"15":1,"16":1,"17":2,"18":2,"19":4,"20":0,"21":0,"22":4,"23":2,"24":2,"25":2,"26":4,"27":1,"28":1},"f":{"0":4,"1":4},"b":{"0":[2,2],"1":[2,2],"2":[1,1],"3":[1,0],"4":[1,1],"5":[0,4],"6":[2,2],"7":[1,1],"8":[2,0]}}
,"/home/vinicius_ribeiro/auth_fiapX_11soat/src/presentation/guards/jwt-auth.guard.ts": {"path":"/home/vinicius_ribeiro/auth_fiapX_11soat/src/presentation/guards/jwt-auth.guard.ts","statementMap":{"0":{"start":{"line":1,"column":0},"end":{"line":1,"column":44}},"1":{"start":{"line":2,"column":0},"end":{"line":2,"column":45}},"2":{"start":{"line":5,"column":7},"end":{"line":5,"column":null}},"3":{"start":{"line":5,"column":13},"end":{"line":5,"column":25}},"4":{"start":{"line":5,"column":13},"end":{"line":5,"column":null}}},"fnMap":{},"branchMap":{},"s":{"0":1,"1":1,"2":1,"3":1,"4":1},"f":{},"b":{}}
}
