TN:
SF:src/application/services/auth.service.ts
FN:40,(anonymous_2)
FN:50,(anonymous_3)
FN:105,(anonymous_4)
FN:138,(anonymous_5)
FN:170,(anonymous_6)
FNF:5
FNH:5
FNDA:11,(anonymous_2)
FNDA:3,(anonymous_3)
FNDA:3,(anonymous_4)
FNDA:3,(anonymous_5)
FNDA:2,(anonymous_6)
DA:1,2
DA:6,2
DA:7,2
DA:8,2
DA:9,2
DA:39,2
DA:41,11
DA:42,11
DA:43,11
DA:44,11
DA:45,11
DA:47,11
DA:51,3
DA:53,3
DA:55,3
DA:56,1
DA:59,2
DA:60,1
DA:61,1
DA:66,1
DA:72,1
DA:73,1
DA:75,1
DA:84,1
DA:85,1
DA:87,1
DA:93,1
DA:94,1
DA:96,1
DA:106,3
DA:108,3
DA:109,3
DA:110,1
DA:111,1
DA:114,2
DA:115,2
DA:116,1
DA:117,1
DA:120,1
DA:126,1
DA:127,1
DA:129,1
DA:139,3
DA:140,3
DA:142,2
DA:143,2
DA:144,1
DA:145,1
DA:148,1
DA:150,1
DA:158,1
DA:159,1
DA:161,1
DA:163,1
DA:171,2
DA:173,2
DA:174,1
DA:177,1
DA:178,1
DA:179,1
DA:181,1
LF:61
LH:61
BRDA:55,0,0,1
BRDA:55,0,1,2
BRDA:55,1,0,3
BRDA:55,1,1,2
BRDA:59,2,0,1
BRDA:59,2,1,1
BRDA:59,3,0,2
BRDA:59,3,1,1
BRDA:109,4,0,1
BRDA:109,4,1,2
BRDA:115,5,0,1
BRDA:115,5,1,1
BRDA:143,6,0,1
BRDA:143,6,1,1
BRDA:159,7,0,1
BRDA:159,7,1,1
BRDA:165,8,0,1
BRDA:165,8,1,0
BRDA:173,9,0,1
BRDA:173,9,1,1
BRF:20
BRH:19
end_of_record
TN:
SF:src/application/services/health.service.ts
FN:15,(anonymous_2)
FN:22,(anonymous_3)
FN:43,(anonymous_4)
FN:69,(anonymous_5)
FN:97,(anonymous_6)
FN:104,(anonymous_7)
FN:105,(anonymous_8)
FN:106,(anonymous_9)
FNF:8
FNH:0
FNDA:0,(anonymous_2)
FNDA:0,(anonymous_3)
FNDA:0,(anonymous_4)
FNDA:0,(anonymous_5)
FNDA:0,(anonymous_6)
FNDA:0,(anonymous_7)
FNDA:0,(anonymous_8)
FNDA:0,(anonymous_9)
DA:1,0
DA:2,0
DA:7,0
DA:8,0
DA:11,0
DA:12,0
DA:13,0
DA:16,0
DA:17,0
DA:19,0
DA:23,0
DA:28,0
DA:33,0
DA:35,0
DA:44,0
DA:45,0
DA:47,0
DA:52,0
DA:53,0
DA:55,0
DA:58,0
DA:60,0
DA:62,0
DA:70,0
DA:71,0
DA:76,0
DA:80,0
DA:83,0
DA:85,0
DA:90,0
DA:101,0
DA:105,0
DA:106,0
LF:33
LH:0
BRDA:58,0,0,0
BRDA:58,0,1,0
BRDA:60,1,0,0
BRDA:60,1,1,0
BRDA:83,2,0,0
BRDA:83,2,1,0
BRDA:87,3,0,0
BRDA:87,3,1,0
BRDA:101,4,0,0
BRDA:101,4,1,0
BRF:10
BRH:0
end_of_record
TN:
SF:src/common/middleware/logging.middleware.ts
FN:15,(anonymous_2)
FN:19,(anonymous_3)
FN:37,(anonymous_4)
FN:61,(anonymous_5)
FN:67,(anonymous_6)
FNF:5
FNH:0
FNDA:0,(anonymous_2)
FNDA:0,(anonymous_3)
FNDA:0,(anonymous_4)
FNDA:0,(anonymous_5)
FNDA:0,(anonymous_6)
DA:1,0
DA:3,0
DA:4,0
DA:14,0
DA:15,0
DA:16,0
DA:20,0
DA:21,0
DA:23,0
DA:24,0
DA:26,0
DA:28,0
DA:37,0
DA:38,0
DA:39,0
DA:41,0
DA:43,0
DA:44,0
DA:49,0
DA:50,0
DA:58,0
DA:62,0
DA:64,0
DA:66,0
DA:67,0
DA:68,0
DA:69,0
DA:73,0
LF:28
LH:0
BRDA:43,0,0,0
BRDA:43,0,1,0
BRDA:49,1,0,0
BRDA:49,1,1,0
BRDA:62,2,0,0
BRDA:62,2,1,0
BRDA:68,3,0,0
BRDA:68,3,1,0
BRF:8
BRH:0
end_of_record
TN:
SF:src/config/app.config.ts
FNF:0
FNH:0
DA:1,0
LF:1
LH:0
BRDA:2,0,0,0
BRDA:2,0,1,0
BRDA:3,1,0,0
BRDA:3,1,1,0
BRDA:5,2,0,0
BRDA:5,2,1,0
BRDA:6,3,0,0
BRDA:6,3,1,0
BRF:8
BRH:0
end_of_record
TN:
SF:src/domain/entities/client.entity.ts
FN:9,(anonymous_0)
FN:25,(anonymous_1)
FN:36,(anonymous_2)
FNF:3
FNH:3
FNDA:17,(anonymous_0)
FNDA:9,(anonymous_1)
FNDA:6,(anonymous_2)
DA:1,3
DA:17,17
DA:18,17
DA:19,17
DA:20,17
DA:21,17
DA:22,17
DA:26,9
DA:37,6
LF:9
LH:9
BRF:0
BRH:0
end_of_record
TN:
SF:src/domain/exceptions/client-already-exists.exception.ts
FN:4,(anonymous_0)
FNF:1
FNH:1
FNDA:4,(anonymous_0)
DA:1,3
DA:3,3
DA:5,4
LF:3
LH:3
BRF:0
BRH:0
end_of_record
TN:
SF:src/domain/exceptions/client-not-found.exception.ts
FN:4,(anonymous_0)
FNF:1
FNH:1
FNDA:6,(anonymous_0)
DA:1,3
DA:3,3
DA:5,6
LF:3
LH:3
BRDA:4,0,0,4
BRF:1
BRH:1
end_of_record
TN:
SF:src/domain/exceptions/invalid-credentials.exception.ts
FN:4,(anonymous_0)
FNF:1
FNH:1
FNDA:4,(anonymous_0)
DA:1,3
DA:3,3
DA:5,4
LF:3
LH:3
BRF:0
BRH:0
end_of_record
TN:
SF:src/infrastructure/database/prisma/prisma.service.ts
FN:6,(anonymous_1)
FN:10,(anonymous_2)
FNF:2
FNH:0
FNDA:0,(anonymous_1)
FNDA:0,(anonymous_2)
DA:1,2
DA:2,2
DA:5,2
DA:7,0
DA:11,0
LF:5
LH:3
BRF:0
BRH:0
end_of_record
TN:
SF:src/infrastructure/database/repositories/client.repository.ts
FN:8,(anonymous_2)
FN:10,(anonymous_3)
FN:26,(anonymous_4)
FN:38,(anonymous_5)
FN:49,(anonymous_6)
FN:56,(anonymous_7)
FNF:6
FNH:6
FNDA:10,(anonymous_2)
FNDA:4,(anonymous_3)
FNDA:3,(anonymous_4)
FNDA:1,(anonymous_5)
FNDA:1,(anonymous_6)
FNDA:1,(anonymous_7)
DA:1,1
DA:3,1
DA:4,1
DA:7,1
DA:8,10
DA:11,4
DA:15,4
DA:16,1
DA:19,3
DA:20,1
DA:23,2
DA:27,3
DA:31,3
DA:32,2
DA:35,1
DA:39,1
DA:46,1
DA:50,1
DA:57,1
DA:65,1
LF:20
LH:20
BRDA:10,0,0,3
BRDA:15,1,0,1
BRDA:15,1,1,3
BRDA:19,2,0,1
BRDA:19,2,1,2
BRDA:19,3,0,3
BRDA:19,3,1,2
BRDA:31,4,0,2
BRDA:31,4,1,1
BRDA:31,5,0,3
BRDA:31,5,1,2
BRF:11
BRH:11
end_of_record
TN:
SF:src/infrastructure/logging/audit-logger.service.ts
FN:10,(anonymous_2)
FN:14,(anonymous_3)
FNF:2
FNH:0
FNDA:0,(anonymous_2)
FNDA:0,(anonymous_3)
DA:1,0
DA:6,0
DA:9,0
DA:10,0
DA:11,0
DA:15,0
LF:6
LH:0
BRF:0
BRH:0
end_of_record
TN:
SF:src/infrastructure/logging/pino-logger.service.ts
FN:11,(anonymous_2)
FN:15,(anonymous_3)
FN:19,(anonymous_4)
FN:23,(anonymous_5)
FN:27,(anonymous_6)
FN:35,(anonymous_7)
FN:39,(anonymous_8)
FN:43,(anonymous_9)
FN:57,(anonymous_10)
FN:70,(anonymous_11)
FN:84,(anonymous_12)
FNF:11
FNH:0
FNDA:0,(anonymous_2)
FNDA:0,(anonymous_3)
FNDA:0,(anonymous_4)
FNDA:0,(anonymous_5)
FNDA:0,(anonymous_6)
FNDA:0,(anonymous_7)
FNDA:0,(anonymous_8)
FNDA:0,(anonymous_9)
FNDA:0,(anonymous_10)
FNDA:0,(anonymous_11)
FNDA:0,(anonymous_12)
DA:1,3
DA:3,3
DA:6,3
DA:12,0
DA:16,0
DA:20,0
DA:24,0
DA:28,0
DA:36,0
DA:40,0
DA:44,0
DA:58,0
DA:71,0
DA:85,0
DA:86,0
DA:87,0
DA:89,0
DA:90,0
LF:18
LH:3
BRDA:47,0,0,0
BRDA:47,0,1,0
BRDA:86,1,0,0
BRDA:86,1,1,0
BRF:4
BRH:0
end_of_record
TN:
SF:src/infrastructure/security/bcrypt-hash.service.ts
FN:6,(anonymous_1)
FN:9,(anonymous_2)
FN:13,(anonymous_3)
FNF:3
FNH:3
FNDA:6,(anonymous_1)
FNDA:7,(anonymous_2)
FNDA:3,(anonymous_3)
DA:1,1
DA:3,1
DA:6,1
DA:7,6
DA:10,7
DA:14,3
LF:6
LH:6
BRF:0
BRH:0
end_of_record
TN:
SF:src/infrastructure/security/jwt-token.service.ts
FN:15,(anonymous_2)
FN:20,(anonymous_3)
FN:36,(anonymous_4)
FN:40,(anonymous_5)
FNF:4
FNH:4
FNDA:7,(anonymous_2)
FNDA:4,(anonymous_3)
FNDA:3,(anonymous_4)
FNDA:2,(anonymous_5)
DA:1,1
DA:2,1
DA:8,1
DA:11,1
DA:15,7
DA:16,7
DA:17,7
DA:21,4
DA:27,4
DA:29,4
DA:37,3
DA:41,2
DA:42,2
DA:44,0
LF:14
LH:13
BRDA:16,0,0,7
BRDA:16,0,1,0
BRF:2
BRH:1
end_of_record
TN:
SF:src/infrastructure/security/jwt.strategy.ts
FN:10,(anonymous_2)
FN:21,(anonymous_3)
FNF:2
FNH:2
FNDA:3,(anonymous_2)
FNDA:3,(anonymous_3)
DA:1,1
DA:2,1
DA:3,1
DA:4,1
DA:5,1
DA:9,1
DA:11,3
DA:12,3
DA:14,3
DA:22,3
DA:29,3
DA:30,2
DA:33,1
LF:13
LH:13
BRDA:29,0,0,2
BRDA:29,0,1,1
BRF:2
BRH:2
end_of_record
TN:
SF:src/presentation/controllers/auth.controller.ts
FN:19,(anonymous_4)
FN:23,(anonymous_5)
FN:29,(anonymous_6)
FN:35,(anonymous_7)
FN:47,(anonymous_8)
FNF:5
FNH:5
FNDA:6,(anonymous_4)
FNDA:1,(anonymous_5)
FNDA:1,(anonymous_6)
FNDA:3,(anonymous_7)
FNDA:1,(anonymous_8)
DA:1,1
DA:12,1
DA:13,1
DA:14,1
DA:15,1
DA:18,1
DA:19,6
DA:23,1
DA:24,1
DA:29,1
DA:30,1
DA:35,1
DA:36,3
DA:37,2
DA:40,1
DA:41,1
DA:47,1
DA:48,1
DA:49,1
LF:19
LH:19
BRDA:36,0,0,2
BRDA:36,0,1,1
BRF:2
BRH:2
end_of_record
TN:
SF:src/presentation/controllers/health-api.controller.ts
FN:7,(anonymous_2)
FNF:1
FNH:0
FNDA:0,(anonymous_2)
DA:1,0
DA:5,0
DA:7,0
DA:8,0
DA:10,0
LF:5
LH:0
BRF:0
BRH:0
end_of_record
TN:
SF:src/presentation/controllers/health.controller.ts
FN:6,(anonymous_2)
FN:9,(anonymous_3)
FNF:2
FNH:0
FNDA:0,(anonymous_2)
FNDA:0,(anonymous_3)
DA:1,0
DA:2,0
DA:5,0
DA:6,0
DA:9,0
DA:10,0
DA:11,0
DA:13,0
DA:14,0
DA:17,0
DA:19,0
DA:20,0
DA:23,0
LF:13
LH:0
BRDA:13,0,0,0
BRDA:13,0,1,0
BRDA:19,1,0,0
BRDA:19,1,1,0
BRDA:27,2,0,0
BRDA:27,2,1,0
BRF:6
BRH:0
end_of_record
TN:
SF:src/presentation/dto/auth-response.dto.ts
FNF:0
FNH:0
DA:1,0
LF:1
LH:0
BRF:0
BRH:0
end_of_record
TN:
SF:src/presentation/dto/login.dto.ts
FNF:0
FNH:0
DA:1,1
DA:3,1
DA:5,1
DA:8,1
LF:4
LH:4
BRF:0
BRH:0
end_of_record
TN:
SF:src/presentation/dto/register.dto.ts
FNF:0
FNH:0
DA:1,1
DA:3,1
DA:5,1
DA:18,1
LF:4
LH:4
BRF:0
BRH:0
end_of_record
TN:
SF:src/presentation/dto/validate-token-response.dto.ts
FNF:0
FNH:0
DA:1,0
LF:1
LH:0
BRF:0
BRH:0
end_of_record
TN:
SF:src/presentation/filters/http-exception.filter.ts
FN:13,(anonymous_2)
FN:17,(anonymous_3)
FNF:2
FNH:2
FNDA:4,(anonymous_2)
FNDA:4,(anonymous_3)
DA:1,1
DA:9,1
DA:12,1
DA:13,4
DA:14,4
DA:18,4
DA:19,4
DA:20,4
DA:23,4
DA:28,4
DA:30,4
DA:31,2
DA:33,2
DA:34,1
DA:35,1
DA:37,1
DA:42,1
DA:45,2
DA:50,2
DA:53,4
DA:54,0
DA:55,0
DA:58,4
DA:59,2
DA:70,2
DA:71,2
DA:80,4
LF:27
LH:25
BRDA:23,0,0,2
BRDA:23,0,1,2
BRDA:30,1,0,2
BRDA:30,1,1,2
BRDA:33,2,0,1
BRDA:33,2,1,1
BRDA:35,3,0,1
BRDA:35,3,1,0
BRDA:50,4,0,1
BRDA:50,4,1,1
BRDA:53,5,0,0
BRDA:53,5,1,4
BRDA:58,6,0,2
BRDA:58,6,1,2
BRDA:61,7,0,1
BRDA:61,7,1,1
BRDA:70,8,0,2
BRDA:70,8,1,0
BRF:18
BRH:15
end_of_record
TN:
SF:src/presentation/guards/jwt-auth.guard.ts
FNF:0
FNH:0
DA:1,1
DA:2,1
DA:5,1
LF:3
LH:3
BRF:0
BRH:0
end_of_record
